<?xml version="1.0" encoding="UTF-8"?>
<testng-results skipped="0" failed="0" total="1" passed="1">
  <reporter-output>
  </reporter-output>
  <suite name="Default suite" duration-ms="11012" started-at="2018-12-31T12:59:31Z" finished-at="2018-12-31T12:59:42Z">
    <groups>
    </groups>
    <test name="Default test" duration-ms="11012" started-at="2018-12-31T12:59:31Z" finished-at="2018-12-31T12:59:42Z">
      <class name="example.NewTest">
        <test-method status="PASS" signature="beforeTest()[pri:0, instance:example.NewTest@4cc0edeb]" name="beforeTest" is-config="true" duration-ms="17" started-at="2018-12-31T18:29:31Z" finished-at="2018-12-31T18:29:31Z">
          <reporter-output>
          </reporter-output>
        </test-method> <!-- beforeTest -->
        <test-method status="PASS" signature="testEasy()[pri:0, instance:example.NewTest@4cc0edeb]" name="testEasy" duration-ms="9804" started-at="2018-12-31T18:29:31Z" finished-at="2018-12-31T18:29:41Z">
          <reporter-output>
          </reporter-output>
        </test-method> <!-- testEasy -->
        <test-method status="PASS" signature="afterTest()[pri:0, instance:example.NewTest@4cc0edeb]" name="afterTest" is-config="true" duration-ms="1182" started-at="2018-12-31T18:29:41Z" finished-at="2018-12-31T18:29:42Z">
          <reporter-output>
          </reporter-output>
        </test-method> <!-- afterTest -->
      </class> <!-- example.NewTest -->
    </test> <!-- Default test -->
  </suite> <!-- Default suite -->
</testng-results>
